<?xml version="1.0" encoding="UTF-8"?>
<!-- Generated by org.testng.reporters.JUnitReportReporter -->
<testsuite hostname="Harshas-Macbook-Air.local" failures="0" tests="1" name="testCases.TC001_AccountRegistrationTest" time="2.160" errors="0" timestamp="2025-10-28T21:27:30 IST" skipped="0">
  <testcase classname="testCases.TC001_AccountRegistrationTest" name="validation" time="2.160"/>
</testsuite> <!-- testCases.TC001_AccountRegistrationTest -->
