<?xml version="1.0" encoding="UTF-8"?>
<!-- Generated by org.testng.reporters.JUnitReportReporter -->
<testsuite hostname="Harshas-Macbook-Air.local" failures="0" tests="5" name="testCases.TC003_LoginDDT" time="35.529" errors="0" timestamp="2025-10-29T23:47:19 IST" skipped="0">
  <testcase classname="testCases.TC003_LoginDDT" name="verify_LoginDDT" time="10.403"/>
  <testcase classname="testCases.TC003_LoginDDT" name="verify_LoginDDT" time="1.493"/>
  <testcase classname="testCases.TC003_LoginDDT" name="verify_LoginDDT" time="1.679"/>
  <testcase classname="testCases.TC003_LoginDDT" name="verify_LoginDDT" time="11.406"/>
  <testcase classname="testCases.TC003_LoginDDT" name="verify_LoginDDT" time="10.548"/>
</testsuite> <!-- testCases.TC003_LoginDDT -->
