<?xml version="1.0" encoding="UTF-8"?>
<!-- Generated by org.testng.reporters.JUnitReportReporter -->
<testsuite hostname="Harshas-Macbook-Air.local" failures="0" tests="1" name="testCases.TC001_AccountRegistrationTes" time="1.516" errors="0" timestamp="2025-10-28T14:51:24 IST" skipped="0">
  <testcase classname="testCases.TC001_AccountRegistrationTes" name="validation" time="1.516"/>
</testsuite> <!-- testCases.TC001_AccountRegistrationTes -->
