<?xml version="1.0" encoding="UTF-8"?>
<!-- Generated by org.testng.reporters.JUnitReportReporter -->
<testsuite hostname="Harshas-Macbook-Air.local" failures="0" tests="1" name="testCases.TC001_AccountRegistrationTest" time="1.636" errors="0" timestamp="2025-10-30T22:16:47 IST" skipped="0">
  <testcase classname="testCases.TC001_AccountRegistrationTest" name="verify_AccountRegistration" time="1.636"/>
</testsuite> <!-- testCases.TC001_AccountRegistrationTest -->
